# JRE version: Java(TM) SE Runtime Environment (21.0.4+8) (build 21.0.4+8-LTS-274)
# Java VM: Java HotSpot(TM) 64-Bit Server VM (21.0.4+8-LTS-274, mixed mode, emulated-client, sharing, tiered, compressed oops, compressed class ptrs, g1 gc, windows-amd64)
GC Precious Log:
 CardTable entry size: 512
 Card Set container configuration: InlinePtr #cards 4 size 8 Array Of Cards #cards 32 size 80 Howl #buckets 8 coarsen threshold 7372 Howl Bitmap #cards 1024 size 144 coarsen threshold 921 Card regions per heap region 1 cards per card region 8192
 CPUs: 20 total, 20 available
 Memory: 32598M
 Large Page Support: Disabled
 NUMA Support: Disabled
 Compressed Oops: Enabled (Zero based)
 Heap Region Size: 4M
 Heap Min Capacity: 8M
 Heap Initial Capacity: 512M
 Heap Max Capacity: 8152M
 Pre-touch: Disabled
 Parallel Workers: 15
 Concurrent Workers: 4
 Concurrent Refinement Workers: 15
 Periodic GC: Disabled
Heap:
 garbage-first heap   total 344064K, used 185917K [0x0000000602800000, 0x0000000800000000)
  region size 4096K, 17 young (69632K), 3 survivors (12288K)
 Metaspace       used 125313K, committed 126848K, reserved 1179648K
  class space    used 15859K, committed 16512K, reserved 1048576K
GC Heap History (20 events):
Event: 2098.397 GC heap after
{Heap after GC invocations=104 (full 1):
 garbage-first heap   total 344064K, used 137947K [0x0000000602800000, 0x0000000800000000)
  region size 4096K, 3 young (12288K), 3 survivors (12288K)
 Metaspace       used 125329K, committed 126720K, reserved 1179648K
  class space    used 15864K, committed 16512K, reserved 1048576K
}
Event: 2104.048 GC heap before
{Heap before GC invocations=105 (full 1):
 garbage-first heap   total 344064K, used 158427K [0x0000000602800000, 0x0000000800000000)
  region size 4096K, 9 young (36864K), 3 survivors (12288K)
 Metaspace       used 125461K, committed 126720K, reserved 1179648K
  class space    used 15900K, committed 16512K, reserved 1048576K
}
Event: 2104.053 GC heap after
{Heap after GC invocations=106 (full 1):
 garbage-first heap   total 344064K, used 139696K [0x0000000602800000, 0x0000000800000000)
  region size 4096K, 3 young (12288K), 3 survivors (12288K)
 Metaspace       used 125461K, committed 126720K, reserved 1179648K
  class space    used 15900K, committed 16512K, reserved 1048576K
}
Event: 2302.279 GC heap before
{Heap before GC invocations=107 (full 1):
 garbage-first heap   total 344064K, used 307632K [0x0000000602800000, 0x0000000800000000)
  region size 4096K, 44 young (180224K), 3 survivors (12288K)
 Metaspace       used 125476K, committed 126720K, reserved 1179648K
  class space    used 15904K, committed 16512K, reserved 1048576K
}
Event: 2302.288 GC heap after
{Heap after GC invocations=108 (full 1):
 garbage-first heap   total 344064K, used 139954K [0x0000000602800000, 0x0000000800000000)
  region size 4096K, 3 young (12288K), 3 survivors (12288K)
 Metaspace       used 125476K, committed 126720K, reserved 1179648K
  class space    used 15904K, committed 16512K, reserved 1048576K
}
Event: 2493.338 GC heap before
{Heap before GC invocations=108 (full 1):
 garbage-first heap   total 344064K, used 307890K [0x0000000602800000, 0x0000000800000000)
  region size 4096K, 44 young (180224K), 3 survivors (12288K)
 Metaspace       used 125527K, committed 126720K, reserved 1179648K
  class space    used 15917K, committed 16512K, reserved 1048576K
}
Event: 2493.345 GC heap after
{Heap after GC invocations=109 (full 1):
 garbage-first heap   total 344064K, used 134876K [0x0000000602800000, 0x0000000800000000)
  region size 4096K, 3 young (12288K), 3 survivors (12288K)
 Metaspace       used 125527K, committed 126720K, reserved 1179648K
  class space    used 15917K, committed 16512K, reserved 1048576K
}
Event: 2692.509 GC heap before
{Heap before GC invocations=109 (full 1):
 garbage-first heap   total 344064K, used 306908K [0x0000000602800000, 0x0000000800000000)
  region size 4096K, 45 young (184320K), 3 survivors (12288K)
 Metaspace       used 125527K, committed 126720K, reserved 1179648K
  class space    used 15917K, committed 16512K, reserved 1048576K
}
Event: 2692.512 GC heap after
{Heap after GC invocations=110 (full 1):
 garbage-first heap   total 344064K, used 135262K [0x0000000602800000, 0x0000000800000000)
  region size 4096K, 3 young (12288K), 3 survivors (12288K)
 Metaspace       used 125527K, committed 126720K, reserved 1179648K
  class space    used 15917K, committed 16512K, reserved 1048576K
}
Event: 2881.538 GC heap before
{Heap before GC invocations=111 (full 1):
 garbage-first heap   total 344064K, used 311390K [0x0000000602800000, 0x0000000800000000)
  region size 4096K, 45 young (184320K), 3 survivors (12288K)
 Metaspace       used 125573K, committed 126784K, reserved 1179648K
  class space    used 15927K, committed 16512K, reserved 1048576K
}
Event: 2881.542 GC heap after
{Heap after GC invocations=112 (full 1):
 garbage-first heap   total 344064K, used 135509K [0x0000000602800000, 0x0000000800000000)
  region size 4096K, 3 young (12288K), 3 survivors (12288K)
 Metaspace       used 125573K, committed 126784K, reserved 1179648K
  class space    used 15927K, committed 16512K, reserved 1048576K
}
Event: 3079.592 GC heap before
{Heap before GC invocations=112 (full 1):
 garbage-first heap   total 344064K, used 307541K [0x0000000602800000, 0x0000000800000000)
  region size 4096K, 45 young (184320K), 3 survivors (12288K)
 Metaspace       used 125573K, committed 126784K, reserved 1179648K
  class space    used 15927K, committed 16512K, reserved 1048576K
}
Event: 3079.603 GC heap after
{Heap after GC invocations=113 (full 1):
 garbage-first heap   total 344064K, used 131908K [0x0000000602800000, 0x0000000800000000)
  region size 4096K, 3 young (12288K), 3 survivors (12288K)
 Metaspace       used 125573K, committed 126784K, reserved 1179648K
  class space    used 15927K, committed 16512K, reserved 1048576K
}
Event: 3289.497 GC heap before
{Heap before GC invocations=113 (full 1):
 garbage-first heap   total 344064K, used 308036K [0x0000000602800000, 0x0000000800000000)
  region size 4096K, 46 young (188416K), 3 survivors (12288K)
 Metaspace       used 125573K, committed 126784K, reserved 1179648K
  class space    used 15927K, committed 16512K, reserved 1048576K
}
Event: 3289.505 GC heap after
{Heap after GC invocations=114 (full 1):
 garbage-first heap   total 344064K, used 131221K [0x0000000602800000, 0x0000000800000000)
  region size 4096K, 3 young (12288K), 3 survivors (12288K)
 Metaspace       used 125573K, committed 126784K, reserved 1179648K
  class space    used 15927K, committed 16512K, reserved 1048576K
}
Event: 3496.952 GC heap before
{Heap before GC invocations=115 (full 1):
 garbage-first heap   total 344064K, used 307349K [0x0000000602800000, 0x0000000800000000)
  region size 4096K, 46 young (188416K), 3 survivors (12288K)
 Metaspace       used 125573K, committed 126784K, reserved 1179648K
  class space    used 15927K, committed 16512K, reserved 1048576K
}
Event: 3496.957 GC heap after
{Heap after GC invocations=116 (full 1):
 garbage-first heap   total 344064K, used 131410K [0x0000000602800000, 0x0000000800000000)
  region size 4096K, 3 young (12288K), 3 survivors (12288K)
 Metaspace       used 125573K, committed 126784K, reserved 1179648K
  class space    used 15927K, committed 16512K, reserved 1048576K
}
Event: 3700.216 GC heap before
{Heap before GC invocations=116 (full 1):
 garbage-first heap   total 344064K, used 307538K [0x0000000602800000, 0x0000000800000000)
  region size 4096K, 46 young (188416K), 3 survivors (12288K)
 Metaspace       used 125573K, committed 126784K, reserved 1179648K
  class space    used 15927K, committed 16512K, reserved 1048576K
}
Event: 3700.223 GC heap after
{Heap after GC invocations=117 (full 1):
 garbage-first heap   total 344064K, used 129254K [0x0000000602800000, 0x0000000800000000)
  region size 4096K, 3 young (12288K), 3 survivors (12288K)
 Metaspace       used 125573K, committed 126784K, reserved 1179648K
  class space    used 15927K, committed 16512K, reserved 1048576K
}
Event: 3744.006 GC heap before
{Heap before GC invocations=117 (full 1):
 garbage-first heap   total 344064K, used 182502K [0x0000000602800000, 0x0000000800000000)
  region size 4096K, 17 young (69632K), 3 survivors (12288K)
 Metaspace       used 125604K, committed 126848K, reserved 1179648K
  class space    used 15935K, committed 16512K, reserved 1048576K
}

